<?xml version="1.0" encoding="UTF-8"?>
<!-- Generated by org.testng.reporters.JUnitReportReporter -->
<testsuite skipped="0" hostname="DESKTOP-NMG6R38" name="com.selenium.orangehrm.TestCase.ExcelTest" tests="1" failures="0" timestamp="16 Feb 2021 02:45:18 GMT" time="1.186" errors="0">
  <testcase name="excelTestMethod" time="1.186" classname="com.selenium.orangehrm.TestCase.ExcelTest"/>
</testsuite> <!-- com.selenium.orangehrm.TestCase.ExcelTest -->
