<?xml version="1.0" encoding="UTF-8"?>
<!-- Generated by org.testng.reporters.JUnitReportReporter -->
<testsuite skipped="0" hostname="DESKTOP-NMG6R38" name="com.selenium.util.ExtentReportsManager" tests="1" failures="0" timestamp="16 Feb 2021 03:19:37 GMT" time="0.017" errors="0">
  <testcase name="testting" time="0.017" classname="com.selenium.util.ExtentReportsManager"/>
</testsuite> <!-- com.selenium.util.ExtentReportsManager -->
