<?xml version="1.0" encoding="UTF-8"?>
<!-- Generated by org.testng.reporters.JUnitReportReporter -->
<testsuite skipped="0" hostname="DESKTOP-NMG6R38" name="com.selenium.orangehrm.pageObjects.TestCaOne" tests="1" failures="0" timestamp="5 Feb 2021 01:45:12 GMT" time="10.169" errors="0">
  <testcase name="Login" time="10.169" classname="com.selenium.orangehrm.pageObjects.TestCaOne"/>
</testsuite> <!-- com.selenium.orangehrm.pageObjects.TestCaOne -->
