<?xml version="1.0" encoding="UTF-8"?>
<!-- Generated by org.testng.reporters.JUnitReportReporter -->
<testsuite skipped="0" hostname="DESKTOP-NMG6R38" name="com.selenium.orangehrm.pageObjects.TestCaseTwo" tests="1" failures="0" timestamp="5 Feb 2021 02:55:47 GMT" time="13.084" errors="0">
  <testcase name="hrmLogin" time="13.084" classname="com.selenium.orangehrm.pageObjects.TestCaseTwo"/>
</testsuite> <!-- com.selenium.orangehrm.pageObjects.TestCaseTwo -->
